/*C65*/SET SCHEMA PUBLIC
DISCONNECT
/*C66*/SET SCHEMA PUBLIC
alter table user_clothes drop constraint UK_jj6muvwg5tcjng77nghitib0j
alter table user_clothes add constraint UK_jj6muvwg5tcjng77nghitib0j unique (clothes_id)
/*C76*/SET SCHEMA PUBLIC
DELETE FROM USER WHERE ID=13
DELETE FROM USER WHERE ID=14
DELETE FROM USER WHERE ID=15
COMMIT
DISCONNECT
/*C66*/INSERT INTO USER VALUES(403,'steven.nzonzi@foot.com','StevenLaZonz','motdepasse')
ALTER SEQUENCE PUBLIC.HIBERNATE_SEQUENCE RESTART WITH 404
COMMIT
INSERT INTO USER VALUES(404,'steven.nzonzi@foot.com','StevenLaZonz','motdepasse')
ALTER SEQUENCE PUBLIC.HIBERNATE_SEQUENCE RESTART WITH 405
COMMIT
INSERT INTO USER VALUES(405,'steven.lazonze@foot.com','StevenLaZonz','motdepasse')
ALTER SEQUENCE PUBLIC.HIBERNATE_SEQUENCE RESTART WITH 406
COMMIT
INSERT INTO CLOTHE VALUES(406,'pepe jean','http://assets.stickpng.com/images/580b57fbd9996e24bc43bf36.png','31.6','PANTS')
ALTER SEQUENCE PUBLIC.HIBERNATE_SEQUENCE RESTART WITH 407
COMMIT
INSERT INTO CLOTHE VALUES(407,'Celio','https://pngimg.com/uploads/sweater/sweater_PNG50.png','63','TOP')
ALTER SEQUENCE PUBLIC.HIBERNATE_SEQUENCE RESTART WITH 408
COMMIT
INSERT INTO USER_CLOTHES VALUES(405,406)
COMMIT
DELETE FROM USER_CLOTHES WHERE USER_ID=405 AND CLOTHES_ID=406
INSERT INTO USER_CLOTHES VALUES(405,406)
INSERT INTO USER_CLOTHES VALUES(405,407)
COMMIT
INSERT INTO CLOTHE VALUES(408,'St Patrick','https://upload.wikimedia.org/wikipedia/commons/4/49/Leprechaun_Hat.png','3','HAT')
ALTER SEQUENCE PUBLIC.HIBERNATE_SEQUENCE RESTART WITH 409
COMMIT
INSERT INTO USER_CLOTHES VALUES(403,408)
COMMIT
/*C67*/SET SCHEMA PUBLIC
DISCONNECT
/*C69*/SET SCHEMA PUBLIC
DISCONNECT
/*C66*/DISCONNECT
/*C72*/SET SCHEMA PUBLIC
DISCONNECT
/*C70*/SET SCHEMA PUBLIC
DISCONNECT
/*C71*/SET SCHEMA PUBLIC
DISCONNECT
/*C74*/SET SCHEMA PUBLIC
DISCONNECT
/*C73*/SET SCHEMA PUBLIC
DISCONNECT
/*C68*/SET SCHEMA PUBLIC
DISCONNECT
/*C75*/SET SCHEMA PUBLIC
DISCONNECT
/*C77*/SET SCHEMA PUBLIC
DISCONNECT
/*C78*/SET SCHEMA PUBLIC
DISCONNECT
/*C79*/SET SCHEMA PUBLIC
DISCONNECT
/*C80*/SET SCHEMA PUBLIC
DISCONNECT
/*C81*/SET SCHEMA PUBLIC
DISCONNECT
/*C82*/SET SCHEMA PUBLIC
DISCONNECT
/*C83*/SET SCHEMA PUBLIC
DISCONNECT
/*C84*/SET SCHEMA PUBLIC
DISCONNECT
/*C85*/SET SCHEMA PUBLIC
DISCONNECT
/*C86*/SET SCHEMA PUBLIC
DISCONNECT
/*C87*/SET SCHEMA PUBLIC
alter table user_clothes drop constraint UK_jj6muvwg5tcjng77nghitib0j
alter table user_clothes add constraint UK_jj6muvwg5tcjng77nghitib0j unique (clothes_id)
/*C92*/SET SCHEMA PUBLIC
DISCONNECT
/*C87*/DISCONNECT
/*C95*/SET SCHEMA PUBLIC
DISCONNECT
/*C94*/SET SCHEMA PUBLIC
DISCONNECT
/*C93*/SET SCHEMA PUBLIC
DISCONNECT
/*C89*/SET SCHEMA PUBLIC
DISCONNECT
/*C91*/SET SCHEMA PUBLIC
DISCONNECT
/*C90*/SET SCHEMA PUBLIC
DISCONNECT
/*C88*/SET SCHEMA PUBLIC
DISCONNECT
/*C96*/SET SCHEMA PUBLIC
DISCONNECT
/*C97*/SET SCHEMA PUBLIC
INSERT INTO CLOTHE VALUES(409,'PUMA','https://www.freepnglogos.com/uploads/shoes-png/shoes-woocommerce-for-developers-woocommerce-22.png','70','SHOES')
ALTER SEQUENCE PUBLIC.HIBERNATE_SEQUENCE RESTART WITH 410
COMMIT
INSERT INTO CLOTHE VALUES(410,'BARLOU','https://cdn.shopify.com/s/files/1/0007/2568/0246/products/fiche_produit_claquettes_3e42738d-a3f3-425e-8cf2-7a089a769d5d_800x.png?v=1624540998','30','SHOES')
ALTER SEQUENCE PUBLIC.HIBERNATE_SEQUENCE RESTART WITH 411
COMMIT
INSERT INTO CLOTHE VALUES(411,'ZARA','http://assets.stickpng.com/images/580b57fbd9996e24bc43bf69.png','45','PANTS')
ALTER SEQUENCE PUBLIC.HIBERNATE_SEQUENCE RESTART WITH 412
COMMIT
INSERT INTO CLOTHE VALUES(412,'NIKE','https://www.google.com/url?sa=i&url=https%3A%2F%2Fwww.nike.com%2Flu%2Ft%2Fcasquette-sportswear-heritage-86-FPhw5T&psig=AOvVaw1qhQstkSFiqNWX97rTP5WS&ust=1648914080936000&source=images&cd=vfe&ved=0CAsQjRxqFwoTCNDi2uSZ8_YCFQAAAAAdAAAAABAD','15','HAT')
ALTER SEQUENCE PUBLIC.HIBERNATE_SEQUENCE RESTART WITH 413
COMMIT
/*C107*/SET SCHEMA PUBLIC
DELETE FROM CLOTHE WHERE ID=412
COMMIT
/*C99*/SET SCHEMA PUBLIC
DISCONNECT
/*C97*/DISCONNECT
/*C98*/SET SCHEMA PUBLIC
DISCONNECT
/*C103*/SET SCHEMA PUBLIC
DISCONNECT
/*C105*/SET SCHEMA PUBLIC
DISCONNECT
/*C100*/SET SCHEMA PUBLIC
DISCONNECT
/*C104*/SET SCHEMA PUBLIC
DISCONNECT
/*C101*/SET SCHEMA PUBLIC
DISCONNECT
/*C106*/SET SCHEMA PUBLIC
DISCONNECT
/*C102*/SET SCHEMA PUBLIC
DISCONNECT
/*C108*/SET SCHEMA PUBLIC
INSERT INTO CLOTHE VALUES(413,'NIKE','https://static.nike.com/a/images/t_default/0cf8082a-bcda-4db3-8301-372850879492/casquette-sportswear-heritage-86-FPhw5T.png','15','HAT')
ALTER SEQUENCE PUBLIC.HIBERNATE_SEQUENCE RESTART WITH 414
COMMIT
